0 info it worked if it ends with ok
1 verbose cli [ '/data/home/server/node-v4.2.3/bin/node',
1 verbose cli   '/data/home/server/nodejs/bin/npm',
1 verbose cli   'install',
1 verbose cli   'hexo-theme-material-mellow' ]
2 info using npm@2.14.7
3 info using node@v4.2.3
4 verbose install initial load of /data/home/www/blog/package.json
5 verbose installManyTop reading scoped package data from /data/home/www/blog/node_modules/hexo/package.json
6 verbose installManyTop reading scoped package data from /data/home/www/blog/node_modules/hexo-generator-archive/package.json
7 verbose installManyTop reading scoped package data from /data/home/www/blog/node_modules/hexo-generator-category/package.json
8 verbose installManyTop reading scoped package data from /data/home/www/blog/node_modules/hexo-generator-index/package.json
9 verbose installManyTop reading scoped package data from /data/home/www/blog/node_modules/hexo-generator-tag/package.json
10 verbose installManyTop reading scoped package data from /data/home/www/blog/node_modules/hexo-renderer-ejs/package.json
11 verbose installManyTop reading scoped package data from /data/home/www/blog/node_modules/hexo-renderer-marked/package.json
12 verbose installManyTop reading scoped package data from /data/home/www/blog/node_modules/hexo-renderer-stylus/package.json
13 verbose installManyTop reading scoped package data from /data/home/www/blog/node_modules/hexo-server/package.json
14 verbose readDependencies loading dependencies from /data/home/www/blog/package.json
15 silly cache add args [ 'hexo-theme-material-mellow', null ]
16 verbose cache add spec hexo-theme-material-mellow
17 silly cache add parsed spec Result {
17 silly cache add   raw: 'hexo-theme-material-mellow',
17 silly cache add   scope: null,
17 silly cache add   name: 'hexo-theme-material-mellow',
17 silly cache add   rawSpec: '',
17 silly cache add   spec: '*',
17 silly cache add   type: 'range' }
18 silly addNamed hexo-theme-material-mellow@*
19 verbose addNamed "*" is a valid semver range for hexo-theme-material-mellow
20 silly addNameRange { name: 'hexo-theme-material-mellow',
20 silly addNameRange   range: '*',
20 silly addNameRange   hasData: false }
21 silly mapToRegistry name hexo-theme-material-mellow
22 silly mapToRegistry using default registry
23 silly mapToRegistry registry http://registry.npm.taobao.org/
24 silly mapToRegistry uri http://registry.npm.taobao.org/hexo-theme-material-mellow
25 verbose addNameRange registry:http://registry.npm.taobao.org/hexo-theme-material-mellow not in flight; fetching
26 verbose request uri http://registry.npm.taobao.org/hexo-theme-material-mellow
27 verbose request no auth needed
28 info attempt registry request try #1 at 01:14:56
29 verbose request id 862503e04d6e4072
30 http request GET http://registry.npm.taobao.org/hexo-theme-material-mellow
31 http 404 http://registry.npm.taobao.org/hexo-theme-material-mellow
32 verbose headers { 'content-type': 'application/json',
32 verbose headers   'cache-control': 'max-age=0',
32 verbose headers   'content-length': '2',
32 verbose headers   'accept-ranges': 'bytes',
32 verbose headers   date: 'Thu, 23 Nov 2017 17:14:58 GMT',
32 verbose headers   via: '1.1 varnish',
32 verbose headers   age: '0',
32 verbose headers   connection: 'close',
32 verbose headers   'x-served-by': 'cache-bur17541-BUR',
32 verbose headers   'x-cache': 'MISS',
32 verbose headers   'x-cache-hits': '0',
32 verbose headers   'x-timer': 'S1511457298.906205,VS0,VE456',
32 verbose headers   vary: 'Accept-Encoding' }
33 silly get cb [ 404,
33 silly get   { 'content-type': 'application/json',
33 silly get     'cache-control': 'max-age=0',
33 silly get     'content-length': '2',
33 silly get     'accept-ranges': 'bytes',
33 silly get     date: 'Thu, 23 Nov 2017 17:14:58 GMT',
33 silly get     via: '1.1 varnish',
33 silly get     age: '0',
33 silly get     connection: 'close',
33 silly get     'x-served-by': 'cache-bur17541-BUR',
33 silly get     'x-cache': 'MISS',
33 silly get     'x-cache-hits': '0',
33 silly get     'x-timer': 'S1511457298.906205,VS0,VE456',
33 silly get     vary: 'Accept-Encoding' } ]
34 verbose stack Error: Registry returned 404 for GET on http://registry.npm.taobao.org/hexo-theme-material-mellow
34 verbose stack     at makeError (/data/home/server/node-v4.2.3/lib/node_modules/npm/node_modules/npm-registry-client/lib/request.js:264:12)
34 verbose stack     at CachingRegistryClient.<anonymous> (/data/home/server/node-v4.2.3/lib/node_modules/npm/node_modules/npm-registry-client/lib/request.js:242:14)
34 verbose stack     at Request._callback (/data/home/server/node-v4.2.3/lib/node_modules/npm/node_modules/npm-registry-client/lib/request.js:172:14)
34 verbose stack     at Request.self.callback (/data/home/server/node-v4.2.3/lib/node_modules/npm/node_modules/request/request.js:198:22)
34 verbose stack     at emitTwo (events.js:87:13)
34 verbose stack     at Request.emit (events.js:172:7)
34 verbose stack     at Request.<anonymous> (/data/home/server/node-v4.2.3/lib/node_modules/npm/node_modules/request/request.js:1063:14)
34 verbose stack     at emitOne (events.js:82:20)
34 verbose stack     at Request.emit (events.js:169:7)
34 verbose stack     at IncomingMessage.<anonymous> (/data/home/server/node-v4.2.3/lib/node_modules/npm/node_modules/request/request.js:1009:12)
35 verbose statusCode 404
36 verbose pkgid hexo-theme-material-mellow
37 verbose cwd /data/home/www/blog/themes
38 error Linux 2.6.32-431.29.2.el6.x86_64
39 error argv "/data/home/server/node-v4.2.3/bin/node" "/data/home/server/nodejs/bin/npm" "install" "hexo-theme-material-mellow"
40 error node v4.2.3
41 error npm  v2.14.7
42 error code E404
43 error 404 Registry returned 404 for GET on http://registry.npm.taobao.org/hexo-theme-material-mellow
43 error 404
43 error 404 'hexo-theme-material-mellow' is not in the npm registry.
43 error 404 You should bug the author to publish it (or use the name yourself!)
43 error 404 It was specified as a dependency of 'hexo-site'
43 error 404
43 error 404 Note that you can also install from a
43 error 404 tarball, folder, http url, or git url.
44 verbose exit [ 1, true ]
